c:\cancollege\autosar4\_s6_diagnostics\solution\myecu\debug_vc141\bswm_pbcfg.obj
c:\cancollege\autosar4\_s6_diagnostics\solution\myecu\debug_vc141\comm_pbcfg.obj
c:\cancollege\autosar4\_s6_diagnostics\solution\myecu\debug_vc141\dcm_ext.obj
c:\cancollege\autosar4\_s6_diagnostics\solution\myecu\debug_vc141\ecum_pbcfg.obj
c:\cancollege\autosar4\_s6_diagnostics\solution\myecu\debug_vc141\ecum_init_cfg.obj
c:\cancollege\autosar4\_s6_diagnostics\solution\myecu\debug_vc141\fee_chunkinfo.obj
c:\cancollege\autosar4\_s6_diagnostics\solution\myecu\debug_vc141\fee_processing.obj
c:\cancollege\autosar4\_s6_diagnostics\solution\myecu\debug_vc141\nm_lcfg.obj
c:\cancollege\autosar4\_s6_diagnostics\solution\myecu\debug_vc141\nvm_act.obj
c:\cancollege\autosar4\_s6_diagnostics\solution\myecu\debug_vc141\pdur_lcfg.obj
c:\cancollege\autosar4\_s6_diagnostics\solution\myecu\debug_vc141\vttcntrl_sysvar.obj
c:\cancollege\autosar4\_s6_diagnostics\solution\myecu\debug_vc141\mcu_pbcfg.obj
c:\cancollege\autosar4\_s6_diagnostics\solution\myecu\debug_vc141\os_accesscheck.obj
c:\cancollege\autosar4\_s6_diagnostics\solution\myecu\debug_vc141\os_fifo.obj
c:\cancollege\autosar4\_s6_diagnostics\solution\myecu\debug_vc141\os_hook.obj
c:\cancollege\autosar4\_s6_diagnostics\solution\myecu\debug_vc141\os_peripheral.obj
c:\cancollege\autosar4\_s6_diagnostics\solution\myecu\debug_vc141\os_thread.obj
c:\cancollege\autosar4\_s6_diagnostics\solution\myecu\debug_vc141\os_barrier_lcfg.obj
c:\cancollege\autosar4\_s6_diagnostics\solution\myecu\debug_vc141\os_hal_memoryprotection_lcfg.obj
c:\cancollege\autosar4\_s6_diagnostics\solution\myecu\debug_vc141\os_resource_lcfg.obj
c:\cancollege\autosar4\_s6_diagnostics\solution\myecu\debug_vc141\ctsadoor.obj
c:\cancollege\autosar4\_s6_diagnostics\solution\myecu\debug_vc141\ctsainteriorlight.obj
c:\cancollege\autosar4\_s6_diagnostics\solution\myecu\debug_vc141\main.obj
c:\cancollege\autosar4\_s6_diagnostics\solution\myecu\debug_vc141\bswm.obj
c:\cancollege\autosar4\_s6_diagnostics\solution\myecu\debug_vc141\comm_lcfg.obj
c:\cancollege\autosar4\_s6_diagnostics\solution\myecu\debug_vc141\det.obj
c:\cancollege\autosar4\_s6_diagnostics\solution\myecu\debug_vc141\ecum.obj
c:\cancollege\autosar4\_s6_diagnostics\solution\myecu\debug_vc141\nvm_crc.obj
c:\cancollege\autosar4\_s6_diagnostics\solution\myecu\debug_vc141\pdur.obj
c:\cancollege\autosar4\_s6_diagnostics\solution\myecu\debug_vc141\can_lcfg.obj
c:\cancollege\autosar4\_s6_diagnostics\solution\myecu\debug_vc141\vttcntrl_det.obj
c:\cancollege\autosar4\_s6_diagnostics\solution\myecu\debug_vc141\vttcntrl_dio.obj
c:\cancollege\autosar4\_s6_diagnostics\solution\myecu\debug_vc141\os_application.obj
c:\cancollege\autosar4\_s6_diagnostics\solution\myecu\debug_vc141\os_event.obj
c:\cancollege\autosar4\_s6_diagnostics\solution\myecu\debug_vc141\os_fiforef.obj
c:\cancollege\autosar4\_s6_diagnostics\solution\myecu\debug_vc141\os_job.obj
c:\cancollege\autosar4\_s6_diagnostics\solution\myecu\debug_vc141\os_scheduler.obj
c:\cancollege\autosar4\_s6_diagnostics\solution\myecu\debug_vc141\os_timer.obj
c:\cancollege\autosar4\_s6_diagnostics\solution\myecu\debug_vc141\os_core_lcfg.obj
c:\cancollege\autosar4\_s6_diagnostics\solution\myecu\debug_vc141\os_hal_entry_lcfg.obj
c:\cancollege\autosar4\_s6_diagnostics\solution\myecu\debug_vc141\os_hook_lcfg.obj
c:\cancollege\autosar4\_s6_diagnostics\solution\myecu\debug_vc141\os_servicefunction_lcfg.obj
c:\cancollege\autosar4\_s6_diagnostics\solution\myecu\debug_vc141\os_xsignal_lcfg.obj
c:\cancollege\autosar4\_s6_diagnostics\solution\myecu\debug_vc141\vtt_hook.obj
c:\cancollege\autosar4\_s6_diagnostics\solution\myecu\debug_vc141\bswm_lcfg.obj
c:\cancollege\autosar4\_s6_diagnostics\solution\myecu\debug_vc141\dem_lcfg.obj
c:\cancollege\autosar4\_s6_diagnostics\solution\myecu\debug_vc141\fee_sector.obj
c:\cancollege\autosar4\_s6_diagnostics\solution\myecu\debug_vc141\memif.obj
c:\cancollege\autosar4\_s6_diagnostics\solution\myecu\debug_vc141\nm_cfg.obj
c:\cancollege\autosar4\_s6_diagnostics\solution\myecu\debug_vc141\nvm_qry.obj
c:\cancollege\autosar4\_s6_diagnostics\solution\myecu\debug_vc141\can.obj
c:\cancollege\autosar4\_s6_diagnostics\solution\myecu\debug_vc141\vttcntrl_cfg.obj
c:\cancollege\autosar4\_s6_diagnostics\solution\myecu\debug_vc141\vttcntrl_sysvar_cfg.obj
c:\cancollege\autosar4\_s6_diagnostics\solution\myecu\debug_vc141\mcu.obj
c:\cancollege\autosar4\_s6_diagnostics\solution\myecu\debug_vc141\os_alarm.obj
c:\cancollege\autosar4\_s6_diagnostics\solution\myecu\debug_vc141\os_error.obj
c:\cancollege\autosar4\_s6_diagnostics\solution\myecu\debug_vc141\os_fifoptr.obj
c:\cancollege\autosar4\_s6_diagnostics\solution\myecu\debug_vc141\os_lock.obj
c:\cancollege\autosar4\_s6_diagnostics\solution\myecu\debug_vc141\os_servicefunction.obj
c:\cancollege\autosar4\_s6_diagnostics\solution\myecu\debug_vc141\os_trap.obj
c:\cancollege\autosar4\_s6_diagnostics\solution\myecu\debug_vc141\os_hal_context_lcfg.obj
c:\cancollege\autosar4\_s6_diagnostics\solution\myecu\debug_vc141\os_hal_timer_lcfg.obj
c:\cancollege\autosar4\_s6_diagnostics\solution\myecu\debug_vc141\os_peripheral_lcfg.obj
c:\cancollege\autosar4\_s6_diagnostics\solution\myecu\debug_vc141\os_timingprotection_lcfg.obj
c:\cancollege\autosar4\_s6_diagnostics\solution\myecu\debug_vc141\vttsysvars.obj
c:\cancollege\autosar4\_s6_diagnostics\solution\myecu\debug_vc141\ctsadisplay.obj
c:\cancollege\autosar4\_s6_diagnostics\solution\myecu\debug_vc141\vttcntrl_fls.obj
c:\cancollege\autosar4\_s6_diagnostics\solution\myecu\debug_vc141\canif_lcfg.obj
c:\cancollege\autosar4\_s6_diagnostics\solution\myecu\debug_vc141\cansm.obj
c:\cancollege\autosar4\_s6_diagnostics\solution\myecu\debug_vc141\com.obj
c:\cancollege\autosar4\_s6_diagnostics\solution\myecu\debug_vc141\dcm.obj
c:\cancollege\autosar4\_s6_diagnostics\solution\myecu\debug_vc141\ecum_callout_stubs.obj
c:\cancollege\autosar4\_s6_diagnostics\solution\myecu\debug_vc141\nvm_queue.obj
c:\cancollege\autosar4\_s6_diagnostics\solution\myecu\debug_vc141\vstdlib.obj
c:\cancollege\autosar4\_s6_diagnostics\solution\myecu\debug_vc141\vttcntrl_can.obj
c:\cancollege\autosar4\_s6_diagnostics\solution\myecu\debug_vc141\vttcntrl_can_cfg.obj
c:\cancollege\autosar4\_s6_diagnostics\solution\myecu\debug_vc141\dio.obj
c:\cancollege\autosar4\_s6_diagnostics\solution\myecu\debug_vc141\vttcntrl_dio_cfg.obj
c:\cancollege\autosar4\_s6_diagnostics\solution\myecu\debug_vc141\os_bitarray.obj
c:\cancollege\autosar4\_s6_diagnostics\solution\myecu\debug_vc141\os_fifo16.obj
c:\cancollege\autosar4\_s6_diagnostics\solution\myecu\debug_vc141\os_interrupt.obj
c:\cancollege\autosar4\_s6_diagnostics\solution\myecu\debug_vc141\os_priorityqueue.obj
c:\cancollege\autosar4\_s6_diagnostics\solution\myecu\debug_vc141\os_task.obj
c:\cancollege\autosar4\_s6_diagnostics\solution\myecu\debug_vc141\os_application_lcfg.obj
c:\cancollege\autosar4\_s6_diagnostics\solution\myecu\debug_vc141\os_hal_kernel_lcfg.obj
c:\cancollege\autosar4\_s6_diagnostics\solution\myecu\debug_vc141\os_memoryprotection_lcfg.obj
c:\cancollege\autosar4\_s6_diagnostics\solution\myecu\debug_vc141\os_task_lcfg.obj
c:\cancollege\autosar4\_s6_diagnostics\solution\myecu\debug_vc141\ctcddiohwab.obj
c:\cancollege\autosar4\_s6_diagnostics\solution\myecu\debug_vc141\fls.obj
c:\cancollege\autosar4\_s6_diagnostics\solution\myecu\debug_vc141\cannm.obj
c:\cancollege\autosar4\_s6_diagnostics\solution\myecu\debug_vc141\canoeemu_cfg.obj
c:\cancollege\autosar4\_s6_diagnostics\solution\myecu\debug_vc141\cantp.obj
c:\cancollege\autosar4\_s6_diagnostics\solution\myecu\debug_vc141\com_pbcfg.obj
c:\cancollege\autosar4\_s6_diagnostics\solution\myecu\debug_vc141\dcm_pbcfg.obj
c:\cancollege\autosar4\_s6_diagnostics\solution\myecu\debug_vc141\det_cfg.obj
c:\cancollege\autosar4\_s6_diagnostics\solution\myecu\debug_vc141\ecum_cfg.obj
c:\cancollege\autosar4\_s6_diagnostics\solution\myecu\debug_vc141\nm.obj
c:\cancollege\autosar4\_s6_diagnostics\solution\myecu\debug_vc141\nvm_cfg.obj
c:\cancollege\autosar4\_s6_diagnostics\solution\myecu\debug_vc141\vttcntrl_mcu.obj
c:\cancollege\autosar4\_s6_diagnostics\solution\myecu\debug_vc141\os_counter.obj
c:\cancollege\autosar4\_s6_diagnostics\solution\myecu\debug_vc141\os_hal_processor.obj
c:\cancollege\autosar4\_s6_diagnostics\solution\myecu\debug_vc141\os_ioc.obj
c:\cancollege\autosar4\_s6_diagnostics\solution\myecu\debug_vc141\os_stack.obj
c:\cancollege\autosar4\_s6_diagnostics\solution\myecu\debug_vc141\os_xsignal.obj
c:\cancollege\autosar4\_s6_diagnostics\solution\myecu\debug_vc141\os_scheduletable_lcfg.obj
c:\cancollege\autosar4\_s6_diagnostics\solution\myecu\debug_vc141\bswm_callout_stubs.obj
c:\cancollege\autosar4\_s6_diagnostics\solution\myecu\debug_vc141\crc.obj
c:\cancollege\autosar4\_s6_diagnostics\solution\myecu\debug_vc141\dcm_lcfg.obj
c:\cancollege\autosar4\_s6_diagnostics\solution\myecu\debug_vc141\ecum_init_pbcfg.obj
c:\cancollege\autosar4\_s6_diagnostics\solution\myecu\debug_vc141\fee.obj
c:\cancollege\autosar4\_s6_diagnostics\solution\myecu\debug_vc141\memif_cfg.obj
c:\cancollege\autosar4\_s6_diagnostics\solution\myecu\debug_vc141\nvm.obj
c:\cancollege\autosar4\_s6_diagnostics\solution\myecu\debug_vc141\rte.obj
c:\cancollege\autosar4\_s6_diagnostics\solution\myecu\debug_vc141\os_core.obj
c:\cancollege\autosar4\_s6_diagnostics\solution\myecu\debug_vc141\os_hal_core.obj
c:\cancollege\autosar4\_s6_diagnostics\solution\myecu\debug_vc141\os_scheduletable.obj
c:\cancollege\autosar4\_s6_diagnostics\solution\myecu\debug_vc141\os_accesscheck_lcfg.obj
c:\cancollege\autosar4\_s6_diagnostics\solution\myecu\debug_vc141\os_spinlock_lcfg.obj
c:\cancollege\autosar4\_s6_diagnostics\solution\myecu\debug_vc141\vttcntrl_fls_cfg.obj
c:\cancollege\autosar4\_s6_diagnostics\solution\myecu\debug_vc141\canif.obj
c:\cancollege\autosar4\_s6_diagnostics\solution\myecu\debug_vc141\cannm_lcfg.obj
c:\cancollege\autosar4\_s6_diagnostics\solution\myecu\debug_vc141\cannm_pbcfg.obj
c:\cancollege\autosar4\_s6_diagnostics\solution\myecu\debug_vc141\cansm_lcfg.obj
c:\cancollege\autosar4\_s6_diagnostics\solution\myecu\debug_vc141\cantp_pbcfg.obj
c:\cancollege\autosar4\_s6_diagnostics\solution\myecu\debug_vc141\comm.obj
c:\cancollege\autosar4\_s6_diagnostics\solution\myecu\debug_vc141\dem.obj
c:\cancollege\autosar4\_s6_diagnostics\solution\myecu\debug_vc141\os_bit.obj
c:\cancollege\autosar4\_s6_diagnostics\solution\myecu\debug_vc141\os_fifo08.obj
c:\cancollege\autosar4\_s6_diagnostics\solution\myecu\debug_vc141\os_hal_entry.obj
c:\cancollege\autosar4\_s6_diagnostics\solution\myecu\debug_vc141\os_memoryprotection.obj
c:\cancollege\autosar4\_s6_diagnostics\solution\myecu\debug_vc141\os_spinlock.obj
c:\cancollege\autosar4\_s6_diagnostics\solution\myecu\debug_vc141\os_trace.obj
c:\cancollege\autosar4\_s6_diagnostics\solution\myecu\debug_vc141\os_counter_lcfg.obj
c:\cancollege\autosar4\_s6_diagnostics\solution\myecu\debug_vc141\os_hal_interrupt_lcfg.obj
c:\cancollege\autosar4\_s6_diagnostics\solution\myecu\debug_vc141\os_isr_lcfg.obj
c:\cancollege\autosar4\_s6_diagnostics\solution\myecu\debug_vc141\os_stack_lcfg.obj
c:\cancollege\autosar4\_s6_diagnostics\solution\myecu\debug_vc141\ctapmyswc.obj
c:\cancollege\autosar4\_s6_diagnostics\solution\myecu\debug_vc141\fls_lcfg.obj
c:\cancollege\autosar4\_s6_diagnostics\solution\myecu\debug_vc141\canif_pbcfg.obj
c:\cancollege\autosar4\_s6_diagnostics\solution\myecu\debug_vc141\cannm_cfg.obj
c:\cancollege\autosar4\_s6_diagnostics\solution\myecu\debug_vc141\cantp_lcfg.obj
c:\cancollege\autosar4\_s6_diagnostics\solution\myecu\debug_vc141\com_lcfg.obj
c:\cancollege\autosar4\_s6_diagnostics\solution\myecu\debug_vc141\dem_pbcfg.obj
c:\cancollege\autosar4\_s6_diagnostics\solution\myecu\debug_vc141\fee_partition.obj
c:\cancollege\autosar4\_s6_diagnostics\solution\myecu\debug_vc141\fee_lcfg.obj
c:\cancollege\autosar4\_s6_diagnostics\solution\myecu\debug_vc141\nvm_jobproc.obj
c:\cancollege\autosar4\_s6_diagnostics\solution\myecu\debug_vc141\pdur_pbcfg.obj
c:\cancollege\autosar4\_s6_diagnostics\solution\myecu\debug_vc141\can_irq.obj
c:\cancollege\autosar4\_s6_diagnostics\solution\myecu\debug_vc141\can_pbcfg.obj
c:\cancollege\autosar4\_s6_diagnostics\solution\myecu\debug_vc141\vttcntrl_base.obj
c:\cancollege\autosar4\_s6_diagnostics\solution\myecu\debug_vc141\dio_pbcfg.obj
c:\cancollege\autosar4\_s6_diagnostics\solution\myecu\debug_vc141\os_barrier.obj
c:\cancollege\autosar4\_s6_diagnostics\solution\myecu\debug_vc141\os_deque.obj
c:\cancollege\autosar4\_s6_diagnostics\solution\myecu\debug_vc141\os_fifo32.obj
c:\cancollege\autosar4\_s6_diagnostics\solution\myecu\debug_vc141\os_isr.obj
c:\cancollege\autosar4\_s6_diagnostics\solution\myecu\debug_vc141\os_resource.obj
c:\cancollege\autosar4\_s6_diagnostics\solution\myecu\debug_vc141\os_timingprotection.obj
c:\cancollege\autosar4\_s6_diagnostics\solution\myecu\debug_vc141\os_alarm_lcfg.obj
c:\cancollege\autosar4\_s6_diagnostics\solution\myecu\debug_vc141\os_hal_core_lcfg.obj
c:\cancollege\autosar4\_s6_diagnostics\solution\myecu\debug_vc141\os_hal_vtt_lcfg.obj
c:\cancollege\autosar4\_s6_diagnostics\solution\myecu\debug_vc141\os_ioc_lcfg.obj
c:\cancollege\autosar4\_s6_diagnostics\solution\myecu\debug_vc141\os_scheduler_lcfg.obj
c:\cancollege\autosar4\_s6_diagnostics\solution\myecu\debug_vc141\os_trace_lcfg.obj
c:\cancollege\autosar4\_s6_diagnostics\solution\myecu\debug_vc141\os_callout_stubs.obj
c:\cancollege\autosar4\_s6_diagnostics\solution\myecu\debug_vc141\vc141.pdb
c:\cancollege\autosar4\_s6_diagnostics\solution\myecu\debug_vc141\canoeemu_dllmain.obj
c:\cancollege\autosar4\_s6_diagnostics\solution\debug_vc141\myecu.dll
c:\cancollege\autosar4\_s6_diagnostics\solution\debug_vc141\myecu.map
c:\cancollege\autosar4\_s6_diagnostics\solution\debug_vc141\myecu.pdb
c:\cancollege\autosar4\_s6_diagnostics\solution\debug_vc141\myecu.lib
c:\cancollege\autosar4\_s6_diagnostics\solution\debug_vc141\myecu.exp
c:\cancollege\autosar4\_s6_diagnostics\solution\myecu\debug_vc141\canoeemu.res
d:\kim.yonghee\testing\[diva]vk_demo\9.msr_demo\autosar_training_material\msr_solutions\_s6_diagnostics\solution\myecu\debug_vc141\bswm.obj
d:\kim.yonghee\testing\[diva]vk_demo\9.msr_demo\autosar_training_material\msr_solutions\_s6_diagnostics\solution\myecu\debug_vc141\bswm_callout_stubs.obj
d:\kim.yonghee\testing\[diva]vk_demo\9.msr_demo\autosar_training_material\msr_solutions\_s6_diagnostics\solution\myecu\debug_vc141\bswm_lcfg.obj
d:\kim.yonghee\testing\[diva]vk_demo\9.msr_demo\autosar_training_material\msr_solutions\_s6_diagnostics\solution\myecu\debug_vc141\bswm_pbcfg.obj
d:\kim.yonghee\testing\[diva]vk_demo\9.msr_demo\autosar_training_material\msr_solutions\_s6_diagnostics\solution\myecu\debug_vc141\can.obj
d:\kim.yonghee\testing\[diva]vk_demo\9.msr_demo\autosar_training_material\msr_solutions\_s6_diagnostics\solution\myecu\debug_vc141\canif.obj
d:\kim.yonghee\testing\[diva]vk_demo\9.msr_demo\autosar_training_material\msr_solutions\_s6_diagnostics\solution\myecu\debug_vc141\canif_lcfg.obj
d:\kim.yonghee\testing\[diva]vk_demo\9.msr_demo\autosar_training_material\msr_solutions\_s6_diagnostics\solution\myecu\debug_vc141\canif_pbcfg.obj
d:\kim.yonghee\testing\[diva]vk_demo\9.msr_demo\autosar_training_material\msr_solutions\_s6_diagnostics\solution\myecu\debug_vc141\cannm.obj
d:\kim.yonghee\testing\[diva]vk_demo\9.msr_demo\autosar_training_material\msr_solutions\_s6_diagnostics\solution\myecu\debug_vc141\cannm_cfg.obj
d:\kim.yonghee\testing\[diva]vk_demo\9.msr_demo\autosar_training_material\msr_solutions\_s6_diagnostics\solution\myecu\debug_vc141\cannm_lcfg.obj
d:\kim.yonghee\testing\[diva]vk_demo\9.msr_demo\autosar_training_material\msr_solutions\_s6_diagnostics\solution\myecu\debug_vc141\cannm_pbcfg.obj
d:\kim.yonghee\testing\[diva]vk_demo\9.msr_demo\autosar_training_material\msr_solutions\_s6_diagnostics\solution\myecu\debug_vc141\canoeemu_cfg.obj
d:\kim.yonghee\testing\[diva]vk_demo\9.msr_demo\autosar_training_material\msr_solutions\_s6_diagnostics\solution\myecu\debug_vc141\canoeemu_dllmain.obj
d:\kim.yonghee\testing\[diva]vk_demo\9.msr_demo\autosar_training_material\msr_solutions\_s6_diagnostics\solution\myecu\debug_vc141\cansm.obj
d:\kim.yonghee\testing\[diva]vk_demo\9.msr_demo\autosar_training_material\msr_solutions\_s6_diagnostics\solution\myecu\debug_vc141\cansm_lcfg.obj
d:\kim.yonghee\testing\[diva]vk_demo\9.msr_demo\autosar_training_material\msr_solutions\_s6_diagnostics\solution\myecu\debug_vc141\cantp.obj
d:\kim.yonghee\testing\[diva]vk_demo\9.msr_demo\autosar_training_material\msr_solutions\_s6_diagnostics\solution\myecu\debug_vc141\cantp_lcfg.obj
d:\kim.yonghee\testing\[diva]vk_demo\9.msr_demo\autosar_training_material\msr_solutions\_s6_diagnostics\solution\myecu\debug_vc141\cantp_pbcfg.obj
d:\kim.yonghee\testing\[diva]vk_demo\9.msr_demo\autosar_training_material\msr_solutions\_s6_diagnostics\solution\myecu\debug_vc141\can_irq.obj
d:\kim.yonghee\testing\[diva]vk_demo\9.msr_demo\autosar_training_material\msr_solutions\_s6_diagnostics\solution\myecu\debug_vc141\can_lcfg.obj
d:\kim.yonghee\testing\[diva]vk_demo\9.msr_demo\autosar_training_material\msr_solutions\_s6_diagnostics\solution\myecu\debug_vc141\can_pbcfg.obj
d:\kim.yonghee\testing\[diva]vk_demo\9.msr_demo\autosar_training_material\msr_solutions\_s6_diagnostics\solution\myecu\debug_vc141\com.obj
d:\kim.yonghee\testing\[diva]vk_demo\9.msr_demo\autosar_training_material\msr_solutions\_s6_diagnostics\solution\myecu\debug_vc141\comm.obj
d:\kim.yonghee\testing\[diva]vk_demo\9.msr_demo\autosar_training_material\msr_solutions\_s6_diagnostics\solution\myecu\debug_vc141\comm_lcfg.obj
d:\kim.yonghee\testing\[diva]vk_demo\9.msr_demo\autosar_training_material\msr_solutions\_s6_diagnostics\solution\myecu\debug_vc141\comm_pbcfg.obj
d:\kim.yonghee\testing\[diva]vk_demo\9.msr_demo\autosar_training_material\msr_solutions\_s6_diagnostics\solution\myecu\debug_vc141\com_lcfg.obj
d:\kim.yonghee\testing\[diva]vk_demo\9.msr_demo\autosar_training_material\msr_solutions\_s6_diagnostics\solution\myecu\debug_vc141\com_pbcfg.obj
d:\kim.yonghee\testing\[diva]vk_demo\9.msr_demo\autosar_training_material\msr_solutions\_s6_diagnostics\solution\myecu\debug_vc141\crc.obj
d:\kim.yonghee\testing\[diva]vk_demo\9.msr_demo\autosar_training_material\msr_solutions\_s6_diagnostics\solution\myecu\debug_vc141\ctapmyswc.obj
d:\kim.yonghee\testing\[diva]vk_demo\9.msr_demo\autosar_training_material\msr_solutions\_s6_diagnostics\solution\myecu\debug_vc141\ctcddiohwab.obj
d:\kim.yonghee\testing\[diva]vk_demo\9.msr_demo\autosar_training_material\msr_solutions\_s6_diagnostics\solution\myecu\debug_vc141\ctsadisplay.obj
d:\kim.yonghee\testing\[diva]vk_demo\9.msr_demo\autosar_training_material\msr_solutions\_s6_diagnostics\solution\myecu\debug_vc141\ctsadoor.obj
d:\kim.yonghee\testing\[diva]vk_demo\9.msr_demo\autosar_training_material\msr_solutions\_s6_diagnostics\solution\myecu\debug_vc141\ctsainteriorlight.obj
d:\kim.yonghee\testing\[diva]vk_demo\9.msr_demo\autosar_training_material\msr_solutions\_s6_diagnostics\solution\myecu\debug_vc141\dcm.obj
d:\kim.yonghee\testing\[diva]vk_demo\9.msr_demo\autosar_training_material\msr_solutions\_s6_diagnostics\solution\myecu\debug_vc141\dcm_ext.obj
d:\kim.yonghee\testing\[diva]vk_demo\9.msr_demo\autosar_training_material\msr_solutions\_s6_diagnostics\solution\myecu\debug_vc141\dcm_lcfg.obj
d:\kim.yonghee\testing\[diva]vk_demo\9.msr_demo\autosar_training_material\msr_solutions\_s6_diagnostics\solution\myecu\debug_vc141\dcm_pbcfg.obj
d:\kim.yonghee\testing\[diva]vk_demo\9.msr_demo\autosar_training_material\msr_solutions\_s6_diagnostics\solution\myecu\debug_vc141\dem.obj
d:\kim.yonghee\testing\[diva]vk_demo\9.msr_demo\autosar_training_material\msr_solutions\_s6_diagnostics\solution\myecu\debug_vc141\dem_lcfg.obj
d:\kim.yonghee\testing\[diva]vk_demo\9.msr_demo\autosar_training_material\msr_solutions\_s6_diagnostics\solution\myecu\debug_vc141\dem_pbcfg.obj
d:\kim.yonghee\testing\[diva]vk_demo\9.msr_demo\autosar_training_material\msr_solutions\_s6_diagnostics\solution\myecu\debug_vc141\det.obj
d:\kim.yonghee\testing\[diva]vk_demo\9.msr_demo\autosar_training_material\msr_solutions\_s6_diagnostics\solution\myecu\debug_vc141\det_cfg.obj
d:\kim.yonghee\testing\[diva]vk_demo\9.msr_demo\autosar_training_material\msr_solutions\_s6_diagnostics\solution\myecu\debug_vc141\dio.obj
d:\kim.yonghee\testing\[diva]vk_demo\9.msr_demo\autosar_training_material\msr_solutions\_s6_diagnostics\solution\myecu\debug_vc141\dio_pbcfg.obj
d:\kim.yonghee\testing\[diva]vk_demo\9.msr_demo\autosar_training_material\msr_solutions\_s6_diagnostics\solution\myecu\debug_vc141\ecum.obj
d:\kim.yonghee\testing\[diva]vk_demo\9.msr_demo\autosar_training_material\msr_solutions\_s6_diagnostics\solution\myecu\debug_vc141\ecum_callout_stubs.obj
d:\kim.yonghee\testing\[diva]vk_demo\9.msr_demo\autosar_training_material\msr_solutions\_s6_diagnostics\solution\myecu\debug_vc141\ecum_cfg.obj
d:\kim.yonghee\testing\[diva]vk_demo\9.msr_demo\autosar_training_material\msr_solutions\_s6_diagnostics\solution\myecu\debug_vc141\ecum_init_cfg.obj
d:\kim.yonghee\testing\[diva]vk_demo\9.msr_demo\autosar_training_material\msr_solutions\_s6_diagnostics\solution\myecu\debug_vc141\ecum_init_pbcfg.obj
d:\kim.yonghee\testing\[diva]vk_demo\9.msr_demo\autosar_training_material\msr_solutions\_s6_diagnostics\solution\myecu\debug_vc141\ecum_pbcfg.obj
d:\kim.yonghee\testing\[diva]vk_demo\9.msr_demo\autosar_training_material\msr_solutions\_s6_diagnostics\solution\myecu\debug_vc141\fee.obj
d:\kim.yonghee\testing\[diva]vk_demo\9.msr_demo\autosar_training_material\msr_solutions\_s6_diagnostics\solution\myecu\debug_vc141\fee_chunkinfo.obj
d:\kim.yonghee\testing\[diva]vk_demo\9.msr_demo\autosar_training_material\msr_solutions\_s6_diagnostics\solution\myecu\debug_vc141\fee_lcfg.obj
d:\kim.yonghee\testing\[diva]vk_demo\9.msr_demo\autosar_training_material\msr_solutions\_s6_diagnostics\solution\myecu\debug_vc141\fee_partition.obj
d:\kim.yonghee\testing\[diva]vk_demo\9.msr_demo\autosar_training_material\msr_solutions\_s6_diagnostics\solution\myecu\debug_vc141\fee_processing.obj
d:\kim.yonghee\testing\[diva]vk_demo\9.msr_demo\autosar_training_material\msr_solutions\_s6_diagnostics\solution\myecu\debug_vc141\fee_sector.obj
d:\kim.yonghee\testing\[diva]vk_demo\9.msr_demo\autosar_training_material\msr_solutions\_s6_diagnostics\solution\myecu\debug_vc141\fls.obj
d:\kim.yonghee\testing\[diva]vk_demo\9.msr_demo\autosar_training_material\msr_solutions\_s6_diagnostics\solution\myecu\debug_vc141\fls_lcfg.obj
d:\kim.yonghee\testing\[diva]vk_demo\9.msr_demo\autosar_training_material\msr_solutions\_s6_diagnostics\solution\myecu\debug_vc141\main.obj
d:\kim.yonghee\testing\[diva]vk_demo\9.msr_demo\autosar_training_material\msr_solutions\_s6_diagnostics\solution\myecu\debug_vc141\mcu.obj
d:\kim.yonghee\testing\[diva]vk_demo\9.msr_demo\autosar_training_material\msr_solutions\_s6_diagnostics\solution\myecu\debug_vc141\mcu_pbcfg.obj
d:\kim.yonghee\testing\[diva]vk_demo\9.msr_demo\autosar_training_material\msr_solutions\_s6_diagnostics\solution\myecu\debug_vc141\memif.obj
d:\kim.yonghee\testing\[diva]vk_demo\9.msr_demo\autosar_training_material\msr_solutions\_s6_diagnostics\solution\myecu\debug_vc141\memif_cfg.obj
d:\kim.yonghee\testing\[diva]vk_demo\9.msr_demo\autosar_training_material\msr_solutions\_s6_diagnostics\solution\myecu\debug_vc141\nm.obj
d:\kim.yonghee\testing\[diva]vk_demo\9.msr_demo\autosar_training_material\msr_solutions\_s6_diagnostics\solution\myecu\debug_vc141\nm_cfg.obj
d:\kim.yonghee\testing\[diva]vk_demo\9.msr_demo\autosar_training_material\msr_solutions\_s6_diagnostics\solution\myecu\debug_vc141\nm_lcfg.obj
d:\kim.yonghee\testing\[diva]vk_demo\9.msr_demo\autosar_training_material\msr_solutions\_s6_diagnostics\solution\myecu\debug_vc141\nvm.obj
d:\kim.yonghee\testing\[diva]vk_demo\9.msr_demo\autosar_training_material\msr_solutions\_s6_diagnostics\solution\myecu\debug_vc141\nvm_act.obj
d:\kim.yonghee\testing\[diva]vk_demo\9.msr_demo\autosar_training_material\msr_solutions\_s6_diagnostics\solution\myecu\debug_vc141\nvm_cfg.obj
d:\kim.yonghee\testing\[diva]vk_demo\9.msr_demo\autosar_training_material\msr_solutions\_s6_diagnostics\solution\myecu\debug_vc141\nvm_crc.obj
d:\kim.yonghee\testing\[diva]vk_demo\9.msr_demo\autosar_training_material\msr_solutions\_s6_diagnostics\solution\myecu\debug_vc141\nvm_jobproc.obj
d:\kim.yonghee\testing\[diva]vk_demo\9.msr_demo\autosar_training_material\msr_solutions\_s6_diagnostics\solution\myecu\debug_vc141\nvm_qry.obj
d:\kim.yonghee\testing\[diva]vk_demo\9.msr_demo\autosar_training_material\msr_solutions\_s6_diagnostics\solution\myecu\debug_vc141\nvm_queue.obj
d:\kim.yonghee\testing\[diva]vk_demo\9.msr_demo\autosar_training_material\msr_solutions\_s6_diagnostics\solution\myecu\debug_vc141\os_accesscheck.obj
d:\kim.yonghee\testing\[diva]vk_demo\9.msr_demo\autosar_training_material\msr_solutions\_s6_diagnostics\solution\myecu\debug_vc141\os_accesscheck_lcfg.obj
d:\kim.yonghee\testing\[diva]vk_demo\9.msr_demo\autosar_training_material\msr_solutions\_s6_diagnostics\solution\myecu\debug_vc141\os_alarm.obj
d:\kim.yonghee\testing\[diva]vk_demo\9.msr_demo\autosar_training_material\msr_solutions\_s6_diagnostics\solution\myecu\debug_vc141\os_alarm_lcfg.obj
d:\kim.yonghee\testing\[diva]vk_demo\9.msr_demo\autosar_training_material\msr_solutions\_s6_diagnostics\solution\myecu\debug_vc141\os_application.obj
d:\kim.yonghee\testing\[diva]vk_demo\9.msr_demo\autosar_training_material\msr_solutions\_s6_diagnostics\solution\myecu\debug_vc141\os_application_lcfg.obj
d:\kim.yonghee\testing\[diva]vk_demo\9.msr_demo\autosar_training_material\msr_solutions\_s6_diagnostics\solution\myecu\debug_vc141\os_barrier.obj
d:\kim.yonghee\testing\[diva]vk_demo\9.msr_demo\autosar_training_material\msr_solutions\_s6_diagnostics\solution\myecu\debug_vc141\os_barrier_lcfg.obj
d:\kim.yonghee\testing\[diva]vk_demo\9.msr_demo\autosar_training_material\msr_solutions\_s6_diagnostics\solution\myecu\debug_vc141\os_bit.obj
d:\kim.yonghee\testing\[diva]vk_demo\9.msr_demo\autosar_training_material\msr_solutions\_s6_diagnostics\solution\myecu\debug_vc141\os_bitarray.obj
d:\kim.yonghee\testing\[diva]vk_demo\9.msr_demo\autosar_training_material\msr_solutions\_s6_diagnostics\solution\myecu\debug_vc141\os_callout_stubs.obj
d:\kim.yonghee\testing\[diva]vk_demo\9.msr_demo\autosar_training_material\msr_solutions\_s6_diagnostics\solution\myecu\debug_vc141\os_core.obj
d:\kim.yonghee\testing\[diva]vk_demo\9.msr_demo\autosar_training_material\msr_solutions\_s6_diagnostics\solution\myecu\debug_vc141\os_core_lcfg.obj
d:\kim.yonghee\testing\[diva]vk_demo\9.msr_demo\autosar_training_material\msr_solutions\_s6_diagnostics\solution\myecu\debug_vc141\os_counter.obj
d:\kim.yonghee\testing\[diva]vk_demo\9.msr_demo\autosar_training_material\msr_solutions\_s6_diagnostics\solution\myecu\debug_vc141\os_counter_lcfg.obj
d:\kim.yonghee\testing\[diva]vk_demo\9.msr_demo\autosar_training_material\msr_solutions\_s6_diagnostics\solution\myecu\debug_vc141\os_deque.obj
d:\kim.yonghee\testing\[diva]vk_demo\9.msr_demo\autosar_training_material\msr_solutions\_s6_diagnostics\solution\myecu\debug_vc141\os_error.obj
d:\kim.yonghee\testing\[diva]vk_demo\9.msr_demo\autosar_training_material\msr_solutions\_s6_diagnostics\solution\myecu\debug_vc141\os_event.obj
d:\kim.yonghee\testing\[diva]vk_demo\9.msr_demo\autosar_training_material\msr_solutions\_s6_diagnostics\solution\myecu\debug_vc141\os_fifo.obj
d:\kim.yonghee\testing\[diva]vk_demo\9.msr_demo\autosar_training_material\msr_solutions\_s6_diagnostics\solution\myecu\debug_vc141\os_fifo08.obj
d:\kim.yonghee\testing\[diva]vk_demo\9.msr_demo\autosar_training_material\msr_solutions\_s6_diagnostics\solution\myecu\debug_vc141\os_fifo16.obj
d:\kim.yonghee\testing\[diva]vk_demo\9.msr_demo\autosar_training_material\msr_solutions\_s6_diagnostics\solution\myecu\debug_vc141\os_fifo32.obj
d:\kim.yonghee\testing\[diva]vk_demo\9.msr_demo\autosar_training_material\msr_solutions\_s6_diagnostics\solution\myecu\debug_vc141\os_fifoptr.obj
d:\kim.yonghee\testing\[diva]vk_demo\9.msr_demo\autosar_training_material\msr_solutions\_s6_diagnostics\solution\myecu\debug_vc141\os_fiforef.obj
d:\kim.yonghee\testing\[diva]vk_demo\9.msr_demo\autosar_training_material\msr_solutions\_s6_diagnostics\solution\myecu\debug_vc141\os_hal_context_lcfg.obj
d:\kim.yonghee\testing\[diva]vk_demo\9.msr_demo\autosar_training_material\msr_solutions\_s6_diagnostics\solution\myecu\debug_vc141\os_hal_core.obj
d:\kim.yonghee\testing\[diva]vk_demo\9.msr_demo\autosar_training_material\msr_solutions\_s6_diagnostics\solution\myecu\debug_vc141\os_hal_core_lcfg.obj
d:\kim.yonghee\testing\[diva]vk_demo\9.msr_demo\autosar_training_material\msr_solutions\_s6_diagnostics\solution\myecu\debug_vc141\os_hal_entry.obj
d:\kim.yonghee\testing\[diva]vk_demo\9.msr_demo\autosar_training_material\msr_solutions\_s6_diagnostics\solution\myecu\debug_vc141\os_hal_entry_lcfg.obj
d:\kim.yonghee\testing\[diva]vk_demo\9.msr_demo\autosar_training_material\msr_solutions\_s6_diagnostics\solution\myecu\debug_vc141\os_hal_interrupt_lcfg.obj
d:\kim.yonghee\testing\[diva]vk_demo\9.msr_demo\autosar_training_material\msr_solutions\_s6_diagnostics\solution\myecu\debug_vc141\os_hal_kernel_lcfg.obj
d:\kim.yonghee\testing\[diva]vk_demo\9.msr_demo\autosar_training_material\msr_solutions\_s6_diagnostics\solution\myecu\debug_vc141\os_hal_memoryprotection_lcfg.obj
d:\kim.yonghee\testing\[diva]vk_demo\9.msr_demo\autosar_training_material\msr_solutions\_s6_diagnostics\solution\myecu\debug_vc141\os_hal_processor.obj
d:\kim.yonghee\testing\[diva]vk_demo\9.msr_demo\autosar_training_material\msr_solutions\_s6_diagnostics\solution\myecu\debug_vc141\os_hal_timer_lcfg.obj
d:\kim.yonghee\testing\[diva]vk_demo\9.msr_demo\autosar_training_material\msr_solutions\_s6_diagnostics\solution\myecu\debug_vc141\os_hal_vtt_lcfg.obj
d:\kim.yonghee\testing\[diva]vk_demo\9.msr_demo\autosar_training_material\msr_solutions\_s6_diagnostics\solution\myecu\debug_vc141\os_hook.obj
d:\kim.yonghee\testing\[diva]vk_demo\9.msr_demo\autosar_training_material\msr_solutions\_s6_diagnostics\solution\myecu\debug_vc141\os_hook_lcfg.obj
d:\kim.yonghee\testing\[diva]vk_demo\9.msr_demo\autosar_training_material\msr_solutions\_s6_diagnostics\solution\myecu\debug_vc141\os_interrupt.obj
d:\kim.yonghee\testing\[diva]vk_demo\9.msr_demo\autosar_training_material\msr_solutions\_s6_diagnostics\solution\myecu\debug_vc141\os_ioc.obj
d:\kim.yonghee\testing\[diva]vk_demo\9.msr_demo\autosar_training_material\msr_solutions\_s6_diagnostics\solution\myecu\debug_vc141\os_ioc_lcfg.obj
d:\kim.yonghee\testing\[diva]vk_demo\9.msr_demo\autosar_training_material\msr_solutions\_s6_diagnostics\solution\myecu\debug_vc141\os_isr.obj
d:\kim.yonghee\testing\[diva]vk_demo\9.msr_demo\autosar_training_material\msr_solutions\_s6_diagnostics\solution\myecu\debug_vc141\os_isr_lcfg.obj
d:\kim.yonghee\testing\[diva]vk_demo\9.msr_demo\autosar_training_material\msr_solutions\_s6_diagnostics\solution\myecu\debug_vc141\os_job.obj
d:\kim.yonghee\testing\[diva]vk_demo\9.msr_demo\autosar_training_material\msr_solutions\_s6_diagnostics\solution\myecu\debug_vc141\os_lock.obj
d:\kim.yonghee\testing\[diva]vk_demo\9.msr_demo\autosar_training_material\msr_solutions\_s6_diagnostics\solution\myecu\debug_vc141\os_memoryprotection.obj
d:\kim.yonghee\testing\[diva]vk_demo\9.msr_demo\autosar_training_material\msr_solutions\_s6_diagnostics\solution\myecu\debug_vc141\os_memoryprotection_lcfg.obj
d:\kim.yonghee\testing\[diva]vk_demo\9.msr_demo\autosar_training_material\msr_solutions\_s6_diagnostics\solution\myecu\debug_vc141\os_peripheral.obj
d:\kim.yonghee\testing\[diva]vk_demo\9.msr_demo\autosar_training_material\msr_solutions\_s6_diagnostics\solution\myecu\debug_vc141\os_peripheral_lcfg.obj
d:\kim.yonghee\testing\[diva]vk_demo\9.msr_demo\autosar_training_material\msr_solutions\_s6_diagnostics\solution\myecu\debug_vc141\os_priorityqueue.obj
d:\kim.yonghee\testing\[diva]vk_demo\9.msr_demo\autosar_training_material\msr_solutions\_s6_diagnostics\solution\myecu\debug_vc141\os_resource.obj
d:\kim.yonghee\testing\[diva]vk_demo\9.msr_demo\autosar_training_material\msr_solutions\_s6_diagnostics\solution\myecu\debug_vc141\os_resource_lcfg.obj
d:\kim.yonghee\testing\[diva]vk_demo\9.msr_demo\autosar_training_material\msr_solutions\_s6_diagnostics\solution\myecu\debug_vc141\os_scheduler.obj
d:\kim.yonghee\testing\[diva]vk_demo\9.msr_demo\autosar_training_material\msr_solutions\_s6_diagnostics\solution\myecu\debug_vc141\os_scheduler_lcfg.obj
d:\kim.yonghee\testing\[diva]vk_demo\9.msr_demo\autosar_training_material\msr_solutions\_s6_diagnostics\solution\myecu\debug_vc141\os_scheduletable.obj
d:\kim.yonghee\testing\[diva]vk_demo\9.msr_demo\autosar_training_material\msr_solutions\_s6_diagnostics\solution\myecu\debug_vc141\os_scheduletable_lcfg.obj
d:\kim.yonghee\testing\[diva]vk_demo\9.msr_demo\autosar_training_material\msr_solutions\_s6_diagnostics\solution\myecu\debug_vc141\os_servicefunction.obj
d:\kim.yonghee\testing\[diva]vk_demo\9.msr_demo\autosar_training_material\msr_solutions\_s6_diagnostics\solution\myecu\debug_vc141\os_servicefunction_lcfg.obj
d:\kim.yonghee\testing\[diva]vk_demo\9.msr_demo\autosar_training_material\msr_solutions\_s6_diagnostics\solution\myecu\debug_vc141\os_spinlock.obj
d:\kim.yonghee\testing\[diva]vk_demo\9.msr_demo\autosar_training_material\msr_solutions\_s6_diagnostics\solution\myecu\debug_vc141\os_spinlock_lcfg.obj
d:\kim.yonghee\testing\[diva]vk_demo\9.msr_demo\autosar_training_material\msr_solutions\_s6_diagnostics\solution\myecu\debug_vc141\os_stack.obj
d:\kim.yonghee\testing\[diva]vk_demo\9.msr_demo\autosar_training_material\msr_solutions\_s6_diagnostics\solution\myecu\debug_vc141\os_stack_lcfg.obj
d:\kim.yonghee\testing\[diva]vk_demo\9.msr_demo\autosar_training_material\msr_solutions\_s6_diagnostics\solution\myecu\debug_vc141\os_task.obj
d:\kim.yonghee\testing\[diva]vk_demo\9.msr_demo\autosar_training_material\msr_solutions\_s6_diagnostics\solution\myecu\debug_vc141\os_task_lcfg.obj
d:\kim.yonghee\testing\[diva]vk_demo\9.msr_demo\autosar_training_material\msr_solutions\_s6_diagnostics\solution\myecu\debug_vc141\os_thread.obj
d:\kim.yonghee\testing\[diva]vk_demo\9.msr_demo\autosar_training_material\msr_solutions\_s6_diagnostics\solution\myecu\debug_vc141\os_timer.obj
d:\kim.yonghee\testing\[diva]vk_demo\9.msr_demo\autosar_training_material\msr_solutions\_s6_diagnostics\solution\myecu\debug_vc141\os_timingprotection.obj
d:\kim.yonghee\testing\[diva]vk_demo\9.msr_demo\autosar_training_material\msr_solutions\_s6_diagnostics\solution\myecu\debug_vc141\os_timingprotection_lcfg.obj
d:\kim.yonghee\testing\[diva]vk_demo\9.msr_demo\autosar_training_material\msr_solutions\_s6_diagnostics\solution\myecu\debug_vc141\os_trace.obj
d:\kim.yonghee\testing\[diva]vk_demo\9.msr_demo\autosar_training_material\msr_solutions\_s6_diagnostics\solution\myecu\debug_vc141\os_trace_lcfg.obj
d:\kim.yonghee\testing\[diva]vk_demo\9.msr_demo\autosar_training_material\msr_solutions\_s6_diagnostics\solution\myecu\debug_vc141\os_trap.obj
d:\kim.yonghee\testing\[diva]vk_demo\9.msr_demo\autosar_training_material\msr_solutions\_s6_diagnostics\solution\myecu\debug_vc141\os_xsignal.obj
d:\kim.yonghee\testing\[diva]vk_demo\9.msr_demo\autosar_training_material\msr_solutions\_s6_diagnostics\solution\myecu\debug_vc141\os_xsignal_lcfg.obj
d:\kim.yonghee\testing\[diva]vk_demo\9.msr_demo\autosar_training_material\msr_solutions\_s6_diagnostics\solution\myecu\debug_vc141\pdur.obj
d:\kim.yonghee\testing\[diva]vk_demo\9.msr_demo\autosar_training_material\msr_solutions\_s6_diagnostics\solution\myecu\debug_vc141\pdur_lcfg.obj
d:\kim.yonghee\testing\[diva]vk_demo\9.msr_demo\autosar_training_material\msr_solutions\_s6_diagnostics\solution\myecu\debug_vc141\pdur_pbcfg.obj
d:\kim.yonghee\testing\[diva]vk_demo\9.msr_demo\autosar_training_material\msr_solutions\_s6_diagnostics\solution\myecu\debug_vc141\rte.obj
d:\kim.yonghee\testing\[diva]vk_demo\9.msr_demo\autosar_training_material\msr_solutions\_s6_diagnostics\solution\myecu\debug_vc141\vstdlib.obj
d:\kim.yonghee\testing\[diva]vk_demo\9.msr_demo\autosar_training_material\msr_solutions\_s6_diagnostics\solution\myecu\debug_vc141\vttcntrl_base.obj
d:\kim.yonghee\testing\[diva]vk_demo\9.msr_demo\autosar_training_material\msr_solutions\_s6_diagnostics\solution\myecu\debug_vc141\vttcntrl_can.obj
d:\kim.yonghee\testing\[diva]vk_demo\9.msr_demo\autosar_training_material\msr_solutions\_s6_diagnostics\solution\myecu\debug_vc141\vttcntrl_can_cfg.obj
d:\kim.yonghee\testing\[diva]vk_demo\9.msr_demo\autosar_training_material\msr_solutions\_s6_diagnostics\solution\myecu\debug_vc141\vttcntrl_cfg.obj
d:\kim.yonghee\testing\[diva]vk_demo\9.msr_demo\autosar_training_material\msr_solutions\_s6_diagnostics\solution\myecu\debug_vc141\vttcntrl_det.obj
d:\kim.yonghee\testing\[diva]vk_demo\9.msr_demo\autosar_training_material\msr_solutions\_s6_diagnostics\solution\myecu\debug_vc141\vttcntrl_dio.obj
d:\kim.yonghee\testing\[diva]vk_demo\9.msr_demo\autosar_training_material\msr_solutions\_s6_diagnostics\solution\myecu\debug_vc141\vttcntrl_dio_cfg.obj
d:\kim.yonghee\testing\[diva]vk_demo\9.msr_demo\autosar_training_material\msr_solutions\_s6_diagnostics\solution\myecu\debug_vc141\vttcntrl_fls.obj
d:\kim.yonghee\testing\[diva]vk_demo\9.msr_demo\autosar_training_material\msr_solutions\_s6_diagnostics\solution\myecu\debug_vc141\vttcntrl_fls_cfg.obj
d:\kim.yonghee\testing\[diva]vk_demo\9.msr_demo\autosar_training_material\msr_solutions\_s6_diagnostics\solution\myecu\debug_vc141\vttcntrl_mcu.obj
d:\kim.yonghee\testing\[diva]vk_demo\9.msr_demo\autosar_training_material\msr_solutions\_s6_diagnostics\solution\myecu\debug_vc141\vttcntrl_sysvar.obj
d:\kim.yonghee\testing\[diva]vk_demo\9.msr_demo\autosar_training_material\msr_solutions\_s6_diagnostics\solution\myecu\debug_vc141\vttcntrl_sysvar_cfg.obj
d:\kim.yonghee\testing\[diva]vk_demo\9.msr_demo\autosar_training_material\msr_solutions\_s6_diagnostics\solution\myecu\debug_vc141\vttsysvars.obj
d:\kim.yonghee\testing\[diva]vk_demo\9.msr_demo\autosar_training_material\msr_solutions\_s6_diagnostics\solution\myecu\debug_vc141\vtt_hook.obj
d:\kim.yonghee\testing\[diva]vk_demo\9.msr_demo\autosar_training_material\msr_solutions\_s6_diagnostics\solution\myecu\debug_vc141\canoeemu.res
d:\kim.yonghee\testing\[diva]vk_demo\9.msr_demo\autosar_training_material\msr_solutions\_s6_diagnostics\solution\myecu\debug_vc141\vc141.pdb
d:\kim.yonghee\testing\[diva]vk_demo\9.msr_demo\autosar_training_material\msr_solutions\_s6_diagnostics\solution\debug_vc141\myecu.pdb
d:\kim.yonghee\testing\[diva]vk_demo\9.msr_demo\autosar_training_material\msr_solutions\_s6_diagnostics\solution\debug_vc141\myecu.dll
d:\kim.yonghee\testing\[diva]vk_demo\9.msr_demo\autosar_training_material\msr_solutions\_s6_diagnostics\solution\myecu\debug_vc141\myecu.tlog\cl.command.1.tlog
d:\kim.yonghee\testing\[diva]vk_demo\9.msr_demo\autosar_training_material\msr_solutions\_s6_diagnostics\solution\myecu\debug_vc141\myecu.tlog\cl.read.1.tlog
d:\kim.yonghee\testing\[diva]vk_demo\9.msr_demo\autosar_training_material\msr_solutions\_s6_diagnostics\solution\myecu\debug_vc141\myecu.tlog\cl.write.1.tlog
d:\kim.yonghee\testing\[diva]vk_demo\9.msr_demo\autosar_training_material\msr_solutions\_s6_diagnostics\solution\myecu\debug_vc141\myecu.tlog\link.command.1.tlog
d:\kim.yonghee\testing\[diva]vk_demo\9.msr_demo\autosar_training_material\msr_solutions\_s6_diagnostics\solution\myecu\debug_vc141\myecu.tlog\link.read.1.tlog
d:\kim.yonghee\testing\[diva]vk_demo\9.msr_demo\autosar_training_material\msr_solutions\_s6_diagnostics\solution\myecu\debug_vc141\myecu.tlog\link.write.1.tlog
d:\kim.yonghee\testing\[diva]vk_demo\9.msr_demo\autosar_training_material\msr_solutions\_s6_diagnostics\solution\myecu\debug_vc141\myecu.tlog\myecu.write.1u.tlog
d:\kim.yonghee\testing\[diva]vk_demo\9.msr_demo\autosar_training_material\msr_solutions\_s6_diagnostics\solution\myecu\debug_vc141\myecu.tlog\rc.command.1.tlog
d:\kim.yonghee\testing\[diva]vk_demo\9.msr_demo\autosar_training_material\msr_solutions\_s6_diagnostics\solution\myecu\debug_vc141\myecu.tlog\rc.read.1.tlog
d:\kim.yonghee\testing\[diva]vk_demo\9.msr_demo\autosar_training_material\msr_solutions\_s6_diagnostics\solution\myecu\debug_vc141\myecu.tlog\rc.write.1.tlog
