  Fls.c
  Fls_Lcfg.c
  VttCntrl_Fls.c
  VttCntrl_Fls_Cfg.c
  BswM.c
  BswM_Lcfg.c
  BswM_PBcfg.c
  BswM_Callout_Stubs.c
  CanIf.c
  CanIf_Lcfg.c
  CanIf_PBcfg.c
  CanNm.c
  CanNm_Cfg.c
  CanNm_Lcfg.c
  CanNm_PBcfg.c
  CANoeEmu_cfg.c
  CanSM.c
  CanSM_Lcfg.c
  CanTp.c
  CanTp_Lcfg.c
  CanTp_PBcfg.c
  Com.c
  Com_Lcfg.c
  Com_PBcfg.c
  ComM.c
  ComM_Lcfg.c
  ComM_PBcfg.c
  Crc.c
  Dcm.c
  Dcm_Ext.c
  Dcm_Lcfg.c
  Dcm_PBcfg.c
  Dem.c
  Dem_Lcfg.c
  Dem_PBcfg.c
  Det.c
  Det_cfg.c
  EcuM.c
  EcuM_Cfg.c
  EcuM_Init_PBcfg.c
  EcuM_PBcfg.c
  EcuM_Callout_Stubs.c
  EcuM_Init_Cfg.c
  Fee.c
  Fee_ChunkInfo.c
  Fee_Partition.c
  Fee_Sector.c
  Fee_Processing.c
  Fee_Lcfg.c
  MemIf.c
  MemIf_Cfg.c
  Nm.c
  Nm_Cfg.c
  Nm_Lcfg.c
  NvM.c
  NvM_Act.c
  NvM_Crc.c
  NvM_JobProc.c
  NvM_Qry.c
  NvM_Queue.c
  NvM_Cfg.c
  PduR.c
  PduR_Lcfg.c
  PduR_PBcfg.c
  Rte.c
  vstdlib.c
  Can.c
  Can_Irq.c
  VttCntrl_Can.c
  Can_Lcfg.c
  Can_PBcfg.c
  VttCntrl_Can_Cfg.c
  VttCntrl_Det.c
  VttCntrl_Base.c
  VttCntrl_Cfg.c
  VttCntrl_SysVar.c
  VttCntrl_SysVar_Cfg.c
  Dio.c
  Dio_PBcfg.c
  VttCntrl_Dio.c
  VttCntrl_Dio_Cfg.c
  Mcu.c
  Mcu_PBcfg.c
  VttCntrl_Mcu.c
  Os_AccessCheck.c
  Os_Alarm.c
  Os_Application.c
  Os_Barrier.c
  Os_Bit.c
  Os_BitArray.c
  Os_Core.c
  Os_Counter.c
  Os_Deque.c
  Os_Error.c
  Os_Event.c
  Os_Fifo.c
  Os_Fifo08.c
  Os_Fifo16.c
  Os_Fifo32.c
  Os_FifoPtr.c
  Os_FifoRef.c
  Os_Hal_Core.c
  Os_Hal_Entry.c
  Os_Hal_Processor.c
  Os_Hook.c
  Os_Interrupt.c
  Os_Ioc.c
  Os_Isr.c
  Os_Job.c
  Os_Lock.c
  Os_MemoryProtection.c
  Os_Peripheral.c
  Os_PriorityQueue.c
  Os_Resource.c
  Os_Scheduler.c
  Os_ScheduleTable.c
  Os_ServiceFunction.c
  Os_Spinlock.c
  Os_Stack.c
  Os_Task.c
  Os_Thread.c
  Os_Timer.c
  Os_TimingProtection.c
  Os_Trace.c
  Os_Trap.c
  Os_XSignal.c
  Os_AccessCheck_Lcfg.c
  Os_Alarm_Lcfg.c
  Os_Application_Lcfg.c
  Os_Barrier_Lcfg.c
  Os_Core_Lcfg.c
  Os_Counter_Lcfg.c
  Os_Hal_Context_Lcfg.c
  Os_Hal_Core_Lcfg.c
  Os_Hal_Entry_Lcfg.c
  Os_Hal_Interrupt_Lcfg.c
  Os_Hal_Kernel_Lcfg.c
  Os_Hal_MemoryProtection_Lcfg.c
  Os_Hal_Timer_Lcfg.c
  Os_Hal_Vtt_LCfg.c
  Os_Hook_Lcfg.c
  Os_Ioc_Lcfg.c
  Os_Isr_Lcfg.c
  Os_MemoryProtection_Lcfg.c
  Os_Peripheral_Lcfg.c
  Os_Resource_Lcfg.c
  Os_Scheduler_Lcfg.c
  Os_ScheduleTable_Lcfg.c
  Os_ServiceFunction_Lcfg.c
  Os_Spinlock_Lcfg.c
  Os_Stack_Lcfg.c
  Os_Task_Lcfg.c
  Os_TimingProtection_Lcfg.c
  Os_Trace_Lcfg.c
  Os_XSignal_Lcfg.c
  CtApMySwc.c
  CtSaDoor.c
  CtSaInteriorLight.c
  Main.c
  VttSysVars.c
  OS_Callout_Stubs.c
  CtCddIoHwAb.c
  CtSaDisplay.c
  Vtt_Hook.c
  CANoeEmu_DllMain.cpp
     Creating library D:\Kim.YongHee\Testing\[DIVa]VK_Demo\9.MSR_Demo\AUTOSAR_Training_Material\msr_solutions\_S6_Diagnostics\Solution\Debug_vc141\MyECU.lib and object D:\Kim.YongHee\Testing\[DIVa]VK_Demo\9.MSR_Demo\AUTOSAR_Training_Material\msr_solutions\_S6_Diagnostics\Solution\Debug_vc141\MyECU.exp
  MyECU.vcxproj -> D:\Kim.YongHee\Testing\[DIVa]VK_Demo\9.MSR_Demo\AUTOSAR_Training_Material\msr_solutions\_S6_Diagnostics\Solution\Debug_vc141\MyECU.dll
